<?xml version="1.0" encoding="UTF-8"?>
<!-- Generated by org.testng.reporters.JUnitReportReporter -->
<testsuite hostname="DESKTOP-QEBL6HC" failures="0" tests="2" name="test.testng.FooterTest" time="0.003" errors="0" timestamp="2022-05-12T14:46:26 ICT" skipped="0">
  <testcase classname="test.testng.FooterTest" name="testFooterHomePage" time="0.001"/>
  <system-out/>
  <testcase classname="test.testng.FooterTest" name="testFooterCategoryPage" time="0.002"/>
  <system-out/>
</testsuite> <!-- test.testng.FooterTest -->
